In file included from [01m[K/root/ros2_bunker_dev/src/bunker_ros2/bunker_base/src/bunker_base_ros.cpp:12[m[K:
[01m[K/root/ros2_bunker_dev/src/bunker_ros2/bunker_base/include/bunker_base/bunker_messenger.hpp:21:10:[m[K [01;31m[Kfatal error: [m[Ktf2_geometry_msgs/tf2_geometry_msgs.hpp: No such file or directory
   21 | #include [01;31m[K<tf2_geometry_msgs/tf2_geometry_msgs.hpp>[m[K
      |          [01;31m[K^~~~~~~~~~~~~~~~~~~~~~~~~~~~~~~~~~~~~~~~~[m[K
compilation terminated.
make[2]: *** [CMakeFiles/bunker_base_node.dir/build.make:63: CMakeFiles/bunker_base_node.dir/src/bunker_base_ros.cpp.o] Error 1
make[2]: *** Waiting for unfinished jobs....
make[1]: *** [CMakeFiles/Makefile2:78: CMakeFiles/bunker_base_node.dir/all] Error 2
make: *** [Makefile:141: all] Error 2
