[0.013s] Invoking command in '/root/ros2_bunker_dev/build/bunker_base': AMENT_PREFIX_PATH=/root/ros2_bunker_dev/install/bunker_msgs:${AMENT_PREFIX_PATH} CMAKE_PREFIX_PATH=/opt/ros/foxy:/root/ros2_bunker_dev/install/ugv_sdk:/root/ros2_bunker_dev/install/bunker_msgs LD_LIBRARY_PATH=/root/ros2_bunker_dev/install/bunker_msgs/lib:${LD_LIBRARY_PATH} PKG_CONFIG_PATH=/root/ros2_bunker_dev/install/ugv_sdk/lib/aarch64-linux-gnu/pkgconfig:/root/ros2_bunker_dev/install/ugv_sdk/lib/pkgconfig PYTHONPATH=/root/ros2_bunker_dev/install/bunker_msgs/lib/python3.8/site-packages:${PYTHONPATH} ROS_PACKAGE_PATH=/root/ros2_bunker_dev/install/ugv_sdk/share /usr/bin/cmake --build /root/ros2_bunker_dev/build/bunker_base -- -j8 -l8
[0.042s] -- Found ament_cmake: 0.9.12 (/opt/ros/foxy/share/ament_cmake/cmake)
[0.051s] -- Using PYTHON_EXECUTABLE: /usr/bin/python3
[0.118s] -- Found rclcpp: 2.4.3 (/opt/ros/foxy/share/rclcpp/cmake)
[0.141s] -- Using all available rosidl_typesupport_c: rosidl_typesupport_fastrtps_c;rosidl_typesupport_introspection_c
[0.141s] -- Found rosidl_adapter: 1.3.1 (/opt/ros/foxy/share/rosidl_adapter/cmake)
[0.231s] -- Using all available rosidl_typesupport_cpp: rosidl_typesupport_fastrtps_cpp;rosidl_typesupport_introspection_cpp
[0.249s] -- Found rmw_implementation_cmake: 1.0.4 (/opt/ros/foxy/share/rmw_implementation_cmake/cmake)
[0.257s] -- Using RMW implementation 'rmw_fastrtps_cpp' as default
[0.327s] -- Found geometry_msgs: 2.0.5 (/opt/ros/foxy/share/geometry_msgs/cmake)
[0.345s] -- Found nav_msgs: 2.0.5 (/opt/ros/foxy/share/nav_msgs/cmake)
[0.386s] -- Found sensor_msgs: 2.0.5 (/opt/ros/foxy/share/sensor_msgs/cmake)
[0.431s] -- Found tf2: 0.13.14 (/opt/ros/foxy/share/tf2/cmake)
[0.437s] -- Found tf2_geometry_msgs: 0.13.14 (/opt/ros/foxy/share/tf2_geometry_msgs/cmake)
[0.441s] -- Found eigen3_cmake_module: 0.1.1 (/opt/ros/foxy/share/eigen3_cmake_module/cmake)
[0.675s] -- Found bunker_msgs: 0.1.0 (/root/ros2_bunker_dev/install/bunker_msgs/share/bunker_msgs/cmake)
[0.701s] -- Found ament_lint_auto: 0.9.8 (/opt/ros/foxy/share/ament_lint_auto/cmake)
[0.743s] -- Added test 'copyright' to check source files copyright and LICENSE
[0.748s] -- Added test 'cppcheck' to perform static code analysis on C / C++ code
[0.748s] -- Configured cppcheck include dirs: /root/ros2_bunker_dev/src/bunker_ros2/bunker_base/include
[0.748s] -- Configured cppcheck exclude dirs and/or files: 
[0.751s] -- Added test 'cpplint' to check C / C++ code against the Google style
[0.752s] -- Configured cpplint exclude dirs and/or files: 
[0.753s] -- Added test 'flake8' to check Python code syntax and style conventions
[0.754s] -- Added test 'lint_cmake' to check CMake code style
[0.754s] -- Added test 'pep257' to check Python code against some of the style conventions in PEP 257
[0.758s] -- Added test 'uncrustify' to check C / C++ code style
[0.759s] -- Configured uncrustify additional arguments: 
[0.759s] -- Added test 'xmllint' to check XML markup files
[0.764s] -- Configuring done
[0.788s] -- Generating done
[0.798s] -- Build files have been written to: /root/ros2_bunker_dev/build/bunker_base
[0.829s] [35m[1mScanning dependencies of target bunker_base_node[0m
[0.889s] [ 66%] [32mBuilding CXX object CMakeFiles/bunker_base_node.dir/src/bunker_base_ros.cpp.o[0m
[0.889s] [ 66%] [32mBuilding CXX object CMakeFiles/bunker_base_node.dir/src/bunker_base_node.cpp.o[0m
[1.064s] In file included from [01m[K/root/ros2_bunker_dev/src/bunker_ros2/bunker_base/src/bunker_base_ros.cpp:12[m[K:
[1.065s] [01m[K/root/ros2_bunker_dev/src/bunker_ros2/bunker_base/include/bunker_base/bunker_messenger.hpp:21:10:[m[K [01;31m[Kfatal error: [m[Ktf2_geometry_msgs/tf2_geometry_msgs.hpp: No such file or directory
[1.065s]    21 | #include [01;31m[K<tf2_geometry_msgs/tf2_geometry_msgs.hpp>[m[K
[1.065s]       |          [01;31m[K^~~~~~~~~~~~~~~~~~~~~~~~~~~~~~~~~~~~~~~~~[m[K
[1.066s] compilation terminated.
[1.067s] make[2]: *** [CMakeFiles/bunker_base_node.dir/build.make:63: CMakeFiles/bunker_base_node.dir/src/bunker_base_ros.cpp.o] Error 1
[1.067s] make[2]: *** Waiting for unfinished jobs....
[1.890s] make[1]: *** [CMakeFiles/Makefile2:78: CMakeFiles/bunker_base_node.dir/all] Error 2
[1.891s] make: *** [Makefile:141: all] Error 2
[1.898s] Invoked command in '/root/ros2_bunker_dev/build/bunker_base' returned '2': AMENT_PREFIX_PATH=/root/ros2_bunker_dev/install/bunker_msgs:${AMENT_PREFIX_PATH} CMAKE_PREFIX_PATH=/opt/ros/foxy:/root/ros2_bunker_dev/install/ugv_sdk:/root/ros2_bunker_dev/install/bunker_msgs LD_LIBRARY_PATH=/root/ros2_bunker_dev/install/bunker_msgs/lib:${LD_LIBRARY_PATH} PKG_CONFIG_PATH=/root/ros2_bunker_dev/install/ugv_sdk/lib/aarch64-linux-gnu/pkgconfig:/root/ros2_bunker_dev/install/ugv_sdk/lib/pkgconfig PYTHONPATH=/root/ros2_bunker_dev/install/bunker_msgs/lib/python3.8/site-packages:${PYTHONPATH} ROS_PACKAGE_PATH=/root/ros2_bunker_dev/install/ugv_sdk/share /usr/bin/cmake --build /root/ros2_bunker_dev/build/bunker_base -- -j8 -l8
